<?xml version="1.0" encoding="UTF-8"?>
<!-- Generated by org.testng.reporters.JUnitXMLReporter -->
<testsuite ignored="0" hostname="Sandy" failures="0" tests="3" name="Default test" time="0.07" errors="0" timestamp="2022-10-14T12:00:11 IST">
  <testcase classname="testNG1.DataProvideTest" name="bookingTickets" time="0.009"/>
  <testcase classname="testNG1.DataProvideTest" name="bookingTickets" time="0.002"/>
  <testcase classname="testNG1.DataProvideTest" name="bookingTickets" time="0.0"/>
</testsuite> <!-- Default test -->
