<?xml version="1.0" encoding="UTF-8"?>
<!-- Generated by org.testng.reporters.JUnitXMLReporter -->
<testsuite ignored="0" hostname="TYSS-Pavan" failures="0" tests="4" name="Default test" time="0.955" errors="0" timestamp="2022-10-14T12:23:06 IST">
  <testcase classname="testNG.pac.Excel_dataProvider" name="getCred" time="0.007"/>
  <testcase classname="testNG.pac.Excel_dataProvider" name="getCred" time="0.001"/>
  <testcase classname="testNG.pac.Excel_dataProvider" name="getCred" time="0.001"/>
  <testcase classname="testNG.pac.Excel_dataProvider" name="getCred" time="0.0"/>
</testsuite> <!-- Default test -->
