<?xml version="1.0" encoding="UTF-8"?>
<!-- Generated by org.testng.reporters.JUnitXMLReporter -->
<testsuite ignored="0" hostname="TYSS-Pavan" failures="2" tests="4" name="Test" time="0.1" errors="0" timestamp="2022-10-21T12:49:30 IST">
  <testcase classname="testNG1.Sample1" name="test3" time="0.025">
    <failure type="java.lang.AssertionError" message="expected [true] but found [false]">
      <![CDATA[java.lang.AssertionError: expected [true] but found [false]
at testNG1.Sample1.test3(Sample1.java:10)
at java.base/java.util.ArrayList.forEach(ArrayList.java:1541)
... Removed 33 stack frames]]>
    </failure>
  </testcase> <!-- test3 -->
  <testcase classname="testNG1.Sample1" name="test4" time="0.003"/>
  <testcase classname="testNG1.Demo1" name="test1" time="0.004"/>
  <testcase classname="testNG1.Demo1" name="test2" time="0.003">
    <failure type="java.lang.AssertionError" message="expected [true] but found [false]">
      <![CDATA[java.lang.AssertionError: expected [true] but found [false]
at testNG1.Demo1.test2(Demo1.java:16)
at java.base/java.util.ArrayList.forEach(ArrayList.java:1541)
... Removed 33 stack frames]]>
    </failure>
  </testcase> <!-- test2 -->
</testsuite> <!-- Test -->
