<?xml version="1.0" encoding="UTF-8"?>
<!-- Generated by org.testng.reporters.JUnitXMLReporter -->
<testsuite ignored="2" hostname="TYSS-Pavan" failures="0" tests="2" name="Test(failed)" time="0.101" errors="0" timestamp="2022-10-21T12:50:22 IST">
  <testcase classname="testNG1.Demo1" name="test2" time="0.014"/>
  <testcase classname="testNG1.Sample1" name="test3" time="0.002"/>
  <testcase classname="testNG1.Demo1" name="test1" time="0.0">
    <ignored/>
  </testcase> <!-- test1 -->
  <testcase classname="testNG1.Sample1" name="test4" time="0.0">
    <ignored/>
  </testcase> <!-- test4 -->
</testsuite> <!-- Test(failed) -->
