<?xml version="1.0" encoding="UTF-8"?>
<testng-results ignored="0" total="1" passed="1" failed="0" skipped="0">
  <reporter-output>
  </reporter-output>
  <suite started-at="2022-10-14T16:27:05 IST" name="Suite" finished-at="2022-10-14T16:27:17 IST" duration-ms="11876">
    <groups>
    </groups>
    <test started-at="2022-10-14T16:27:05 IST" name="Test" finished-at="2022-10-14T16:27:17 IST" duration-ms="11876">
      <class name="testNG.pac.PassPara">
        <test-method signature="launchbrowser(java.lang.String)[pri:0, instance:testNG.pac.PassPara@3e8c3cb]" started-at="2022-10-14T16:27:05 IST" name="launchbrowser" finished-at="2022-10-14T16:27:17 IST" duration-ms="11748" status="PASS">
          <params>
            <param index="0">
              <value>
                <![CDATA[firefox]]>
              </value>
            </param>
          </params>
          <reporter-output>
          </reporter-output>
        </test-method> <!-- launchbrowser -->
      </class> <!-- testNG.pac.PassPara -->
    </test> <!-- Test -->
  </suite> <!-- Suite -->
</testng-results>
