<?xml version="1.0" encoding="UTF-8"?>
<testng-results ignored="0" total="4" passed="4" failed="0" skipped="0">
  <reporter-output>
  </reporter-output>
  <suite started-at="2022-10-14T12:23:06 IST" name="Default suite" finished-at="2022-10-14T12:23:06 IST" duration-ms="955">
    <groups>
    </groups>
    <test started-at="2022-10-14T12:23:06 IST" name="Default test" finished-at="2022-10-14T12:23:06 IST" duration-ms="955">
      <class name="testNG.pac.Excel_dataProvider">
        <test-method signature="getCred(java.lang.String,java.lang.String)[pri:0, instance:testNG.pac.Excel_dataProvider@74e28667]" started-at="2022-10-14T12:23:06 IST" name="getCred" data-provider="excedata" finished-at="2022-10-14T12:23:06 IST" duration-ms="7" status="PASS">
          <params>
            <param index="0">
              <value>
                <![CDATA[Username]]>
              </value>
            </param>
            <param index="1">
              <value>
                <![CDATA[Password]]>
              </value>
            </param>
          </params>
          <reporter-output>
          </reporter-output>
        </test-method> <!-- getCred -->
        <test-method signature="getCred(java.lang.String,java.lang.String)[pri:0, instance:testNG.pac.Excel_dataProvider@74e28667]" started-at="2022-10-14T12:23:06 IST" name="getCred" data-provider="excedata" finished-at="2022-10-14T12:23:06 IST" duration-ms="1" status="PASS">
          <params>
            <param index="0">
              <value>
                <![CDATA[admin]]>
              </value>
            </param>
            <param index="1">
              <value>
                <![CDATA[12345]]>
              </value>
            </param>
          </params>
          <reporter-output>
          </reporter-output>
        </test-method> <!-- getCred -->
        <test-method signature="getCred(java.lang.String,java.lang.String)[pri:0, instance:testNG.pac.Excel_dataProvider@74e28667]" started-at="2022-10-14T12:23:06 IST" name="getCred" data-provider="excedata" finished-at="2022-10-14T12:23:06 IST" duration-ms="1" status="PASS">
          <params>
            <param index="0">
              <value>
                <![CDATA[Pavan]]>
              </value>
            </param>
            <param index="1">
              <value>
                <![CDATA[54321]]>
              </value>
            </param>
          </params>
          <reporter-output>
          </reporter-output>
        </test-method> <!-- getCred -->
        <test-method signature="getCred(java.lang.String,java.lang.String)[pri:0, instance:testNG.pac.Excel_dataProvider@74e28667]" started-at="2022-10-14T12:23:06 IST" name="getCred" data-provider="excedata" finished-at="2022-10-14T12:23:06 IST" duration-ms="0" status="PASS">
          <params>
            <param index="0">
              <value>
                <![CDATA[Sandeep]]>
              </value>
            </param>
            <param index="1">
              <value>
                <![CDATA[123qwe]]>
              </value>
            </param>
          </params>
          <reporter-output>
          </reporter-output>
        </test-method> <!-- getCred -->
      </class> <!-- testNG.pac.Excel_dataProvider -->
    </test> <!-- Default test -->
  </suite> <!-- Default suite -->
</testng-results>
